<?xml version="1.0" encoding="UTF-8"?>
<!-- Generated by org.testng.reporters.JUnitReportReporter -->
<testsuite skipped="0" hostname="LAPTOP-KN3BINN7" name="com.automation.hybrid.suitea.AddProductTest" tests="2" failures="0" timestamp="02 Sep 2020 15:32:19 GMT" time="281.210" errors="0">
  <testcase name="loginTest" time="158.244" classname="com.automation.hybrid.suitea.AddProductTest"/>
  <testcase name="loginTest" time="122.966" classname="com.automation.hybrid.suitea.AddProductTest"/>
</testsuite> <!-- com.automation.hybrid.suitea.AddProductTest -->
