<?xml version="1.0" encoding="UTF-8"?>
<!-- Generated by org.testng.reporters.JUnitReportReporter -->
<testsuite hostname="DESKTOP-4V9G7CP" failures="0" tests="2" name="com.automation.hybrid.suitea.AddProductTest" time="81.060" errors="2" timestamp="06 Sep 2020 15:36:46 GMT" skipped="0">
  <testcase classname="com.automation.hybrid.suitea.AddProductTest" name="addProductTest" time="43.757">
    <error message="com.automtion.hybrid.keywords.AppKeywords.sleep()" type="java.lang.NoSuchMethodException">
      <![CDATA[java.lang.NoSuchMethodException: com.automtion.hybrid.keywords.AppKeywords.sleep()
	at java.base/java.lang.Class.getMethod(Class.java:2122)
	at com.automation.hybrid.driver.DriverScript.executeKeywords(DriverScript.java:44)
	at com.automation.hybrid.suitea.AddProductTest.addProductTest(AddProductTest.java:24)
	at java.base/jdk.internal.reflect.NativeMethodAccessorImpl.invoke0(Native Method)
	at java.base/jdk.internal.reflect.NativeMethodAccessorImpl.invoke(NativeMethodAccessorImpl.java:62)
	at java.base/jdk.internal.reflect.DelegatingMethodAccessorImpl.invoke(DelegatingMethodAccessorImpl.java:43)
	at java.base/java.lang.reflect.Method.invoke(Method.java:564)
	at org.testng.internal.MethodInvocationHelper.invokeMethod(MethodInvocationHelper.java:108)
	at org.testng.internal.Invoker.invokeMethod(Invoker.java:661)
	at org.testng.internal.Invoker.invokeTestMethod(Invoker.java:869)
	at org.testng.internal.Invoker.invokeTestMethods(Invoker.java:1193)
	at org.testng.internal.TestMethodWorker.invokeTestMethods(TestMethodWorker.java:126)
	at org.testng.internal.TestMethodWorker.run(TestMethodWorker.java:109)
	at java.base/java.util.concurrent.ThreadPoolExecutor.runWorker(ThreadPoolExecutor.java:1130)
	at java.base/java.util.concurrent.ThreadPoolExecutor$Worker.run(ThreadPoolExecutor.java:630)
	at java.base/java.lang.Thread.run(Thread.java:832)
]]>
    </error>
  </testcase> <!-- addProductTest -->
  <testcase classname="com.automation.hybrid.suitea.AddProductTest" name="addProductTest" time="37.303">
    <error message="com.automtion.hybrid.keywords.AppKeywords.sleep()" type="java.lang.NoSuchMethodException">
      <![CDATA[java.lang.NoSuchMethodException: com.automtion.hybrid.keywords.AppKeywords.sleep()
	at java.base/java.lang.Class.getMethod(Class.java:2122)
	at com.automation.hybrid.driver.DriverScript.executeKeywords(DriverScript.java:44)
	at com.automation.hybrid.suitea.AddProductTest.addProductTest(AddProductTest.java:24)
	at java.base/jdk.internal.reflect.NativeMethodAccessorImpl.invoke0(Native Method)
	at java.base/jdk.internal.reflect.NativeMethodAccessorImpl.invoke(NativeMethodAccessorImpl.java:62)
	at java.base/jdk.internal.reflect.DelegatingMethodAccessorImpl.invoke(DelegatingMethodAccessorImpl.java:43)
	at java.base/java.lang.reflect.Method.invoke(Method.java:564)
	at org.testng.internal.MethodInvocationHelper.invokeMethod(MethodInvocationHelper.java:108)
	at org.testng.internal.Invoker.invokeMethod(Invoker.java:661)
	at org.testng.internal.Invoker.invokeTestMethod(Invoker.java:869)
	at org.testng.internal.Invoker.invokeTestMethods(Invoker.java:1193)
	at org.testng.internal.TestMethodWorker.invokeTestMethods(TestMethodWorker.java:126)
	at org.testng.internal.TestMethodWorker.run(TestMethodWorker.java:109)
	at java.base/java.util.concurrent.ThreadPoolExecutor.runWorker(ThreadPoolExecutor.java:1130)
	at java.base/java.util.concurrent.ThreadPoolExecutor$Worker.run(ThreadPoolExecutor.java:630)
	at java.base/java.lang.Thread.run(Thread.java:832)
]]>
    </error>
  </testcase> <!-- addProductTest -->
</testsuite> <!-- com.automation.hybrid.suitea.AddProductTest -->
