<?xml version="1.0" encoding="UTF-8"?>
<!-- Generated by org.testng.reporters.JUnitReportReporter -->
<testsuite hostname="DESKTOP-4V9G7CP" failures="0" tests="1" name="com.automation.hybrid.suitea.EditProductTest" time="40.658" errors="0" timestamp="06 Sep 2020 15:43:54 GMT" skipped="0">
  <testcase classname="com.automation.hybrid.suitea.EditProductTest" name="editProductTest" time="40.658"/>
</testsuite> <!-- com.automation.hybrid.suitea.EditProductTest -->
