<?xml version="1.0" encoding="UTF-8"?>
<!-- Generated by org.testng.reporters.JUnitReportReporter -->
<testsuite skipped="1" hostname="LAPTOP-KN3BINN7" name="com.automation.hybrid.suitea.LoginTest" tests="1" failures="0" timestamp="02 Sep 2020 12:16:38 GMT" time="0.530" errors="0">
  <testcase name="LoginTest" time="0.530" classname="com.automation.hybrid.suitea.LoginTest">
    <skipped/>
  </testcase> <!-- LoginTest -->
</testsuite> <!-- com.automation.hybrid.suitea.LoginTest -->
