<?xml version="1.0" encoding="UTF-8"?>
<!-- Generated by org.testng.reporters.JUnitReportReporter -->
<testsuite name="com.automation.hybrid.suitea.TestB" tests="1" time="0.000" ignored="2" failures="0" timestamp="30 Aug 2020 14:47:13 GMT" skipped="1" hostname="LAPTOP-KN3BINN7" errors="0">
  <testcase name="testB" time="0.000" classname="com.automation.hybrid.suitea.TestB">
    <skipped/>
  </testcase> <!-- testB -->
  <testcase name="init" classname="com.automation.hybrid.base.BaseTest">
    <skipped/>
  </testcase> <!-- init -->
  <testcase name="init" classname="com.automation.hybrid.base.BaseTest">
    <skipped/>
  </testcase> <!-- init -->
</testsuite> <!-- com.automation.hybrid.suitea.TestB -->
