<?xml version="1.0" encoding="UTF-8"?>
<!-- Generated by org.testng.reporters.JUnitReportReporter -->
<testsuite hostname="DESKTOP-4V9G7CP" failures="0" tests="1" name="com.automation.hybrid.suitea.LoginTest" time="0.000" errors="0" timestamp="06 Sep 2020 11:21:30 GMT" skipped="1">
  <testcase classname="com.automation.hybrid.suitea.LoginTest" name="LoginTest" time="0.000">
    <skipped/>
  </testcase> <!-- LoginTest -->
</testsuite> <!-- com.automation.hybrid.suitea.LoginTest -->
