<?xml version="1.0" encoding="UTF-8"?>
<!-- Generated by org.testng.reporters.JUnitReportReporter -->
<testsuite skipped="0" hostname="LAPTOP-KN3BINN7" name="com.automation.hybrid.suitea.EditProductTest" tests="1" failures="0" timestamp="02 Sep 2020 15:49:27 GMT" time="156.788" errors="0">
  <testcase name="editProductTest" time="156.788" classname="com.automation.hybrid.suitea.EditProductTest"/>
</testsuite> <!-- com.automation.hybrid.suitea.EditProductTest -->
