<?xml version="1.0" encoding="UTF-8"?>
<!-- Generated by org.testng.reporters.JUnitReportReporter -->
<testsuite name="com.automation.hybrid.suitea.LoginTest" tests="1" time="18.526" ignored="0" failures="0" timestamp="31 Aug 2020 16:14:07 GMT" skipped="0" hostname="LAPTOP-KN3BINN7" errors="0">
  <testcase name="LoginTest" time="18.526" classname="com.automation.hybrid.suitea.LoginTest"/>
</testsuite> <!-- com.automation.hybrid.suitea.LoginTest -->
